<?xml version="1.0" encoding="UTF-8"?>
<!-- Generated by org.testng.reporters.JUnitReportReporter -->
<testsuite hostname="DESKTOP-6VJTSHH" failures="0" tests="1" name="WebApps.Web_Application" time="22.840" errors="0" timestamp="2024-04-04T01:58:38 IST" skipped="0">
  <testcase classname="WebApps.Web_Application" name="webDemo" time="22.840"/>
  <system-out/>
</testsuite> <!-- WebApps.Web_Application -->
