<?xml version="1.0" encoding="UTF-8"?>
<!-- Generated by org.testng.reporters.JUnitReportReporter -->
<testsuite hostname="DESKTOP-6VJTSHH" failures="0" tests="1" name="HybridApps.generalStore" time="19.668" errors="0" timestamp="2024-04-03T13:23:26 IST" skipped="0">
  <testcase classname="HybridApps.generalStore" name="general_store" time="19.668"/>
  <system-out/>
</testsuite> <!-- HybridApps.generalStore -->
